<?xml version="1.0" encoding="UTF-8"?>
<!-- Generated by org.testng.reporters.JUnitReportReporter -->
<testsuite hostname="DESKTOP-NBTUCDI" failures="0" tests="1" name="TestPack.Test_OrangeHrm" time="8.398" errors="0" timestamp="2022-12-23T23:45:32 IST" skipped="0">
  <testcase classname="TestPack.Test_OrangeHrm" name="verify" time="8.398"/>
  <system-out>
    <![CDATA[no verification]]>
  </system-out>
</testsuite> <!-- TestPack.Test_OrangeHrm -->
