<?xml version="1.0" encoding="UTF-8"?>
<!-- Generated by org.testng.reporters.JUnitReportReporter -->
<testsuite hostname="DESKTOP-NBTUCDI" failures="0" tests="1" name="TestPack.Test1" time="2.409" errors="0" timestamp="2022-12-23T15:39:45 IST" skipped="0">
  <testcase classname="TestPack.Test1" name="verify" time="2.409"/>
  <system-out>
    <![CDATA[blank]]>
  </system-out>
</testsuite> <!-- TestPack.Test1 -->
